<?xml version="1.0" encoding="UTF-8"?>
<!-- Generated by org.testng.reporters.JUnitReportReporter -->
<testsuite skipped="0" hostname="Abhi" name="com.atibidar.maven.basic.MavenSample" tests="3" failures="0" timestamp="2021-12-17T22:28:11 IST" time="0.262" errors="0">
  <testcase name="verifyHomePageTitle" time="0.013" classname="com.atibidar.maven.basic.MavenSample"/>
  <system-out/>
  <testcase name="verifyNewArrivalsDisplayed" time="0.125" classname="com.atibidar.maven.basic.MavenSample"/>
  <system-out/>
  <testcase name="verifyFirstBookTitle" time="0.124" classname="com.atibidar.maven.basic.MavenSample"/>
  <system-out/>
</testsuite> <!-- com.atibidar.maven.basic.MavenSample -->
